-------------------------------------------------------------------------------
>Log Session: Wednesday, April 20, 2016 1:07:10 PM CEST
>System Info: 
  Product Version         = TwoDeadFighter 201510222201
  Operating System        = Windows 10 version 10.0 running on amd64
  Java; VM; Vendor        = 1.8.0_77; Java HotSpot(TM) 64-Bit Server VM 25.77-b03; Oracle Corporation
  Runtime                 = Java(TM) SE Runtime Environment 1.8.0_77-b03
  Java Home               = C:\Program Files\Java\jdk1.8.0_77\jre
  System Locale; Encoding = da_DK (twodeadfighter); Cp1252
  Home Directory          = C:\Users\nasib
  Current Directory       = C:\Users\nasib\Documents\GitHub\TwoDeadFighter\application\target\twodeadfighter
  User Directory          = C:\Users\nasib\Documents\GitHub\TwoDeadFighter\application\target\userdir
  Cache Directory         = C:\Users\nasib\Documents\GitHub\TwoDeadFighter\application\target\userdir\var\cache
  Installation            = C:\Users\nasib\Documents\GitHub\TwoDeadFighter\application\target\twodeadfighter\bin
                            C:\Users\nasib\Documents\GitHub\TwoDeadFighter\application\target\twodeadfighter\etc
                            C:\Users\nasib\Documents\GitHub\TwoDeadFighter\application\target\twodeadfighter\platform
                            C:\Users\nasib\Documents\GitHub\TwoDeadFighter\application\target\twodeadfighter\twodeadfighter
                            C:\Users\nasib\Documents\GitHub\TwoDeadFighter\application\target\twodeadfighter\platform
  Boot & Ext. Classpath   = C:\Program Files\Java\jdk1.8.0_77\jre\lib\resources.jar;C:\Program Files\Java\jdk1.8.0_77\jre\lib\rt.jar;C:\Program Files\Java\jdk1.8.0_77\jre\lib\sunrsasign.jar;C:\Program Files\Java\jdk1.8.0_77\jre\lib\jsse.jar;C:\Program Files\Java\jdk1.8.0_77\jre\lib\jce.jar;C:\Program Files\Java\jdk1.8.0_77\jre\lib\charsets.jar;C:\Program Files\Java\jdk1.8.0_77\jre\lib\jfr.jar;C:\Program Files\Java\jdk1.8.0_77\jre\classes;C:\Program Files\Java\jdk1.8.0_77\jre\lib\ext\access-bridge-64.jar;C:\Program Files\Java\jdk1.8.0_77\jre\lib\ext\cldrdata.jar;C:\Program Files\Java\jdk1.8.0_77\jre\lib\ext\dnsns.jar;C:\Program Files\Java\jdk1.8.0_77\jre\lib\ext\jaccess.jar;C:\Program Files\Java\jdk1.8.0_77\jre\lib\ext\jfxrt.jar;C:\Program Files\Java\jdk1.8.0_77\jre\lib\ext\localedata.jar;C:\Program Files\Java\jdk1.8.0_77\jre\lib\ext\nashorn.jar;C:\Program Files\Java\jdk1.8.0_77\jre\lib\ext\sunec.jar;C:\Program Files\Java\jdk1.8.0_77\jre\lib\ext\sunjce_provider.jar;C:\Program Files\Java\jdk1.8.0_77\jre\lib\ext\sunmscapi.jar;C:\Program Files\Java\jdk1.8.0_77\jre\lib\ext\sunpkcs11.jar;C:\Program Files\Java\jdk1.8.0_77\jre\lib\ext\zipfs.jar
  Application Classpath   = C:\Users\nasib\Documents\GitHub\TwoDeadFighter\application\target\twodeadfighter\platform\lib\boot.jar;C:\Users\nasib\Documents\GitHub\TwoDeadFighter\application\target\twodeadfighter\platform\lib\org-openide-modules.jar;C:\Users\nasib\Documents\GitHub\TwoDeadFighter\application\target\twodeadfighter\platform\lib\org-openide-util-lookup.jar;C:\Users\nasib\Documents\GitHub\TwoDeadFighter\application\target\twodeadfighter\platform\lib\org-openide-util-ui.jar;C:\Users\nasib\Documents\GitHub\TwoDeadFighter\application\target\twodeadfighter\platform\lib\org-openide-util.jar;C:\Users\nasib\Documents\GitHub\TwoDeadFighter\application\target\twodeadfighter\platform\lib\locale\boot_ja.jar;C:\Users\nasib\Documents\GitHub\TwoDeadFighter\application\target\twodeadfighter\platform\lib\locale\boot_pt_BR.jar;C:\Users\nasib\Documents\GitHub\TwoDeadFighter\application\target\twodeadfighter\platform\lib\locale\boot_ru.jar;C:\Users\nasib\Documents\GitHub\TwoDeadFighter\application\target\twodeadfighter\platform\lib\locale\boot_zh_CN.jar;C:\Users\nasib\Documents\GitHub\TwoDeadFighter\application\target\twodeadfighter\platform\lib\locale\org-openide-modules_ja.jar;C:\Users\nasib\Documents\GitHub\TwoDeadFighter\application\target\twodeadfighter\platform\lib\locale\org-openide-modules_pt_BR.jar;C:\Users\nasib\Documents\GitHub\TwoDeadFighter\application\target\twodeadfighter\platform\lib\locale\org-openide-modules_ru.jar;C:\Users\nasib\Documents\GitHub\TwoDeadFighter\application\target\twodeadfighter\platform\lib\locale\org-openide-modules_zh_CN.jar;C:\Users\nasib\Documents\GitHub\TwoDeadFighter\application\target\twodeadfighter\platform\lib\locale\org-openide-util-lookup_ja.jar;C:\Users\nasib\Documents\GitHub\TwoDeadFighter\application\target\twodeadfighter\platform\lib\locale\org-openide-util-lookup_pt_BR.jar;C:\Users\nasib\Documents\GitHub\TwoDeadFighter\application\target\twodeadfighter\platform\lib\locale\org-openide-util-lookup_ru.jar;C:\Users\nasib\Documents\GitHub\TwoDeadFighter\application\target\twodeadfighter\platform\lib\locale\org-openide-util-lookup_zh_CN.jar;C:\Users\nasib\Documents\GitHub\TwoDeadFighter\application\target\twodeadfighter\platform\lib\locale\org-openide-util-ui_ja.jar;C:\Users\nasib\Documents\GitHub\TwoDeadFighter\application\target\twodeadfighter\platform\lib\locale\org-openide-util-ui_pt_BR.jar;C:\Users\nasib\Documents\GitHub\TwoDeadFighter\application\target\twodeadfighter\platform\lib\locale\org-openide-util-ui_ru.jar;C:\Users\nasib\Documents\GitHub\TwoDeadFighter\application\target\twodeadfighter\platform\lib\locale\org-openide-util-ui_zh_CN.jar;C:\Users\nasib\Documents\GitHub\TwoDeadFighter\application\target\twodeadfighter\platform\lib\locale\org-openide-util_ja.jar;C:\Users\nasib\Documents\GitHub\TwoDeadFighter\application\target\twodeadfighter\platform\lib\locale\org-openide-util_pt_BR.jar;C:\Users\nasib\Documents\GitHub\TwoDeadFighter\application\target\twodeadfighter\platform\lib\locale\org-openide-util_ru.jar;C:\Users\nasib\Documents\GitHub\TwoDeadFighter\application\target\twodeadfighter\platform\lib\locale\org-openide-util_zh_CN.jar;C:\Program Files\Java\jdk1.8.0_77\lib\dt.jar;C:\Program Files\Java\jdk1.8.0_77\lib\tools.jar
  Startup Classpath       = C:\Users\nasib\Documents\GitHub\TwoDeadFighter\application\target\twodeadfighter\platform\core\asm-all-5.0.1.jar;C:\Users\nasib\Documents\GitHub\TwoDeadFighter\application\target\twodeadfighter\platform\core\core-base.jar;C:\Users\nasib\Documents\GitHub\TwoDeadFighter\application\target\twodeadfighter\platform\core\core.jar;C:\Users\nasib\Documents\GitHub\TwoDeadFighter\application\target\twodeadfighter\platform\core\org-netbeans-libs-asm.jar;C:\Users\nasib\Documents\GitHub\TwoDeadFighter\application\target\twodeadfighter\platform\core\org-openide-filesystems.jar;C:\Users\nasib\Documents\GitHub\TwoDeadFighter\application\target\twodeadfighter\platform\core\locale\core-base_ja.jar;C:\Users\nasib\Documents\GitHub\TwoDeadFighter\application\target\twodeadfighter\platform\core\locale\core-base_pt_BR.jar;C:\Users\nasib\Documents\GitHub\TwoDeadFighter\application\target\twodeadfighter\platform\core\locale\core-base_ru.jar;C:\Users\nasib\Documents\GitHub\TwoDeadFighter\application\target\twodeadfighter\platform\core\locale\core-base_zh_CN.jar;C:\Users\nasib\Documents\GitHub\TwoDeadFighter\application\target\twodeadfighter\platform\core\locale\core_ja.jar;C:\Users\nasib\Documents\GitHub\TwoDeadFighter\application\target\twodeadfighter\platform\core\locale\core_pt_BR.jar;C:\Users\nasib\Documents\GitHub\TwoDeadFighter\application\target\twodeadfighter\platform\core\locale\core_ru.jar;C:\Users\nasib\Documents\GitHub\TwoDeadFighter\application\target\twodeadfighter\platform\core\locale\core_zh_CN.jar;C:\Users\nasib\Documents\GitHub\TwoDeadFighter\application\target\twodeadfighter\platform\core\locale\org-netbeans-libs-asm_ja.jar;C:\Users\nasib\Documents\GitHub\TwoDeadFighter\application\target\twodeadfighter\platform\core\locale\org-netbeans-libs-asm_pt_BR.jar;C:\Users\nasib\Documents\GitHub\TwoDeadFighter\application\target\twodeadfighter\platform\core\locale\org-netbeans-libs-asm_ru.jar;C:\Users\nasib\Documents\GitHub\TwoDeadFighter\application\target\twodeadfighter\platform\core\locale\org-netbeans-libs-asm_zh_CN.jar;C:\Users\nasib\Documents\GitHub\TwoDeadFighter\application\target\twodeadfighter\platform\core\locale\org-openide-filesystems_ja.jar;C:\Users\nasib\Documents\GitHub\TwoDeadFighter\application\target\twodeadfighter\platform\core\locale\org-openide-filesystems_pt_BR.jar;C:\Users\nasib\Documents\GitHub\TwoDeadFighter\application\target\twodeadfighter\platform\core\locale\org-openide-filesystems_ru.jar;C:\Users\nasib\Documents\GitHub\TwoDeadFighter\application\target\twodeadfighter\platform\core\locale\org-openide-filesystems_zh_CN.jar;C:\Users\nasib\Documents\GitHub\TwoDeadFighter\application\target\twodeadfighter\twodeadfighter\core\locale\core_twodeadfighter.jar
-------------------------------------------------------------------------------
INFO [org.netbeans.core.startup.NbEvents]: Module patch or custom extension: C:\Users\nasib\Documents\GitHub\TwoDeadFighter\application\target\twodeadfighter\..\..\..\branding\target\classes
INFO [org.netbeans.core.startup.NbEvents]: Module patch or custom extension: C:\Users\nasib\Documents\GitHub\TwoDeadFighter\application\target\twodeadfighter\..\..\..\SilentUpdate\target\classes
INFO [org.netbeans.core.startup.NbEvents]: Module patch or custom extension: C:\Users\nasib\Documents\GitHub\TwoDeadFighter\application\target\twodeadfighter\..\..\..\Common\target\classes
INFO [org.netbeans.core.startup.NbEvents]: Module patch or custom extension: C:\Users\nasib\Documents\GitHub\TwoDeadFighter\application\target\twodeadfighter\..\..\..\Player\target\classes
INFO [org.netbeans.core.startup.NbEvents]: Module patch or custom extension: C:\Users\nasib\Documents\GitHub\TwoDeadFighter\application\target\twodeadfighter\..\..\..\GameEngine\target\classes
INFO [org.netbeans.core.startup.NbEvents]: Module patch or custom extension: C:\Users\nasib\Documents\GitHub\TwoDeadFighter\application\target\twodeadfighter\..\..\..\Collision\target\classes
INFO [org.netbeans.core.modules]: Using file:/C:/Users/nasib/Documents/GitHub/TwoDeadFighter/application/target/twodeadfighter/../../../SilentUpdate/target/classes/org/netbeans/modules/autoupdate/silentupdate/resources/layer.xml as layer for dk.four.group.SilentUpdate not jar:file:/C:/Users/nasib/Documents/GitHub/TwoDeadFighter/application/target/twodeadfighter/twodeadfighter/modules/dk-four-group-SilentUpdate.jar!/org/netbeans/modules/autoupdate/silentupdate/resources/layer.xml
INFO [org.netbeans.core.startup.NbEvents]: Turning on modules:
	org.openide.util.lookup [8.32.1 201510222201]
	org.openide.util [9.5.1 201510222201]
	org.openide.util.ui [9.4.1 201510222201]
	org.openide.modules [7.47.1 201510222201]
	org.netbeans.api.annotations.common/1 [1.26.1 201510222201]
	org.openide.filesystems [9.8.1 201510222201]
	org.netbeans.api.intent [1.1.1 201510222201]
	org.netbeans.api.io [1.2.1 201510222201]
	org.openide.io [1.48.1 201510222201]
	org.openide.awt [7.65.1 201510222201]
	org.netbeans.api.progress/1 [1.46.1 201510222201]
	org.netbeans.libs.asm [5.2.1 201510222201]
	org.netbeans.bootstrap/1 [2.74.1 201510222201]
	org.netbeans.core.startup.base [1.61.1.1 1 201510222201]
	org.netbeans.core.startup/1 [1.61.1.1 201510222201]
	org.netbeans.api.progress.nb [1.46.1 201510222201]
	org.netbeans.modules.autoupdate.services [1.51.1 201510222201]
	dk.four.group.TwoDeadFighter.branding [1.0 1.0-20160420 201604201040]
	dk.four.group.SilentUpdate [1.0 1.0-20160420 201604201040]
	dk.four.group.Common [1.0 1.0-20160420 201604201040]
	dk.four.group.Player [1.0 1.0-20160420 201604201040]
	dk.four.group.Map [1.0 1.0-20160420 201604201040]
	dk.four.group.GameEngine [1.0 1.0-20160420 201604201040]
	dk.four.group.Collision [1.0 1.0-20160420 201604201046]
INFO [org.netbeans.modules.autoupdate.silentupdate]: None for install
INFO [null]: Last record repeated again.
INFO [null]: Last record repeated again.
INFO [null]: Last record repeated again.
